#
# There is insufficient memory for the Java Runtime Environment to continue.
# Native memory allocation (malloc) failed to allocate 32784 bytes for Chunk::new
# Possible reasons:
#   The system is out of physical RAM or swap space
#   The process is running with CompressedOops enabled, and the Java Heap may be blocking the growth of the native heap
# Possible solutions:
#   Reduce memory load on the system
#   Increase physical memory or swap space
#   Check if swap backing store is full
#   Decrease Java heap size (-Xmx/-Xms)
#   Decrease number of Java threads
#   Decrease Java thread stack sizes (-Xss)
#   Set larger code cache with -XX:ReservedCodeCacheSize=
#   JVM is running with Zero Based Compressed Oops mode in which the Java heap is
#     placed in the first 32GB address space. The Java Heap base address is the
#     maximum limit for the native heap growth. Please use -XX:HeapBaseMinAddress
#     to set the Java Heap base and to place the Java Heap above 32GB virtual address.
# This output file may be truncated or incomplete.
#
#  Out of Memory Error (allocation.cpp:389), pid=11636, tid=0x000000000000377c
#
# JRE version: Java(TM) SE Runtime Environment (8.0_241-b07) (build 1.8.0_241-b07)
# Java VM: Java HotSpot(TM) 64-Bit Server VM (25.241-b07 mixed mode windows-amd64 compressed oops)
# Failed to write core dump. Minidumps are not enabled by default on client versions of Windows
#

---------------  T H R E A D  ---------------

Current thread (0x000000001d1ca000):  JavaThread "C2 CompilerThread0" daemon [_thread_in_native, id=14204, stack(0x000000001d9a0000,0x000000001daa0000)]

Stack: [0x000000001d9a0000,0x000000001daa0000]
[error occurred during error reporting (printing stack bounds), id 0xc0000005]

Native frames: (J=compiled Java code, j=interpreted, Vv=VM code, C=native code)


Current CompileTask:
C2:  43324 1454   !   4       sun.awt.PostEventQueue::flush (168 bytes)


---------------  P R O C E S S  ---------------

Java Threads: ( => current thread )
  0x0000000025a3c000 JavaThread "TimerQueue" daemon [_thread_blocked, id=1828, stack(0x0000000026d60000,0x0000000026e60000)]
  0x000000001d1d7800 JavaThread "D3D Screen Updater" daemon [_thread_blocked, id=10136, stack(0x0000000024f80000,0x0000000025080000)]
  0x000000001d1d6000 JavaThread "DestroyJavaVM" [_thread_blocked, id=16812, stack(0x0000000001f90000,0x0000000002090000)]
  0x000000001d1d5800 JavaThread "AWT-EventQueue-0" [_thread_blocked, id=16552, stack(0x000000001eda0000,0x000000001eea0000)]
  0x000000001d1da000 JavaThread "AWT-Windows" daemon [_thread_in_native, id=13340, stack(0x000000001eae0000,0x000000001ebe0000)]
  0x000000001d1d4800 JavaThread "AWT-Shutdown" [_thread_blocked, id=5268, stack(0x000000001e9e0000,0x000000001eae0000)]
  0x000000001d1db800 JavaThread "Java2D Disposer" daemon [_thread_blocked, id=11520, stack(0x000000001e8e0000,0x000000001e9e0000)]
  0x000000001d275000 JavaThread "Service Thread" daemon [_thread_blocked, id=14508, stack(0x000000001dda0000,0x000000001dea0000)]
  0x000000001d1d9000 JavaThread "C1 CompilerThread3" daemon [_thread_blocked, id=3256, stack(0x000000001dca0000,0x000000001dda0000)]
  0x000000001d1d8800 JavaThread "C2 CompilerThread2" daemon [_thread_blocked, id=4360, stack(0x000000001dba0000,0x000000001dca0000)]
  0x000000001d1d0800 JavaThread "C2 CompilerThread1" daemon [_thread_blocked, id=7220, stack(0x000000001daa0000,0x000000001dba0000)]
=>0x000000001d1ca000 JavaThread "C2 CompilerThread0" daemon [_thread_in_native, id=14204, stack(0x000000001d9a0000,0x000000001daa0000)]
  0x000000001d1c7800 JavaThread "Attach Listener" daemon [_thread_blocked, id=3936, stack(0x000000001d8a0000,0x000000001d9a0000)]
  0x000000001b2ee800 JavaThread "Signal Dispatcher" daemon [_thread_blocked, id=2600, stack(0x000000001d7a0000,0x000000001d8a0000)]
  0x000000001d1c0800 JavaThread "Finalizer" daemon [_thread_blocked, id=12496, stack(0x000000001d5a0000,0x000000001d6a0000)]
  0x000000001b2dd800 JavaThread "Reference Handler" daemon [_thread_blocked, id=13120, stack(0x000000001d0a0000,0x000000001d1a0000)]

Other Threads:
  0x000000001b2d9800 VMThread [stack: 0x000000001cfa0000,0x000000001d0a0000] [id=10876]
  0x000000001d277800 WatcherThread [stack: 0x000000001dea0000,0x000000001dfa0000] [id=12064]

VM state:not at safepoint (normal execution)

VM Mutex/Monitor currently owned by a thread: None

heap address: 0x00000006d0c00000, size: 3828 MB, Compressed Oops mode: Zero based, Oop shift amount: 3
Narrow klass base: 0x0000000000000000, Narrow klass shift: 3
Compressed class space size: 1073741824 Address: 0x00000007c0000000

Heap:
 PSYoungGen      total 71680K, used 24586K [0x0000000770400000, 0x0000000775400000, 0x00000007c0000000)
  eden space 61440K, 40% used [0x0000000770400000,0x0000000771c02bb0,0x0000000774000000)
  from space 10240K, 0% used [0x0000000774a00000,0x0000000774a00000,0x0000000775400000)
  to   space 10240K, 0% used [0x0000000774000000,0x0000000774000000,0x0000000774a00000)
 ParOldGen       total 163840K, used 0K [0x00000006d0c00000, 0x00000006dac00000, 0x0000000770400000)
  object space 163840K, 0% used [0x00000006d0c00000,0x00000006d0c00000,0x00000006dac00000)
 Metaspace       used 12085K, capacity 12346K, committed 12416K, reserved 1060864K
  class space    used 1562K, capacity 1659K, committed 1664K, reserved 1048576K

Card table byte_map: [0x0000000011550000,0x0000000011cd0000] byte_map_base: 0x000000000deca000

Marking Bits: (ParMarkBitMap*) 0x00000000598bbe30
 Begin Bits: [0x00000000129d0000, 0x00000000165a0000)
 End Bits:   [0x00000000165a0000, 0x000000001a170000)

Polling page: 0x0000000000530000

CodeCache: size=245760Kb used=5071Kb max_used=5071Kb free=240688Kb
 bounds [0x0000000002190000, 0x0000000002690000, 0x0000000011190000]
 total_blobs=1955 nmethods=1453 adapters=415
 compilation: enabled

Compilation events (10 events):
Event: 41.683 Thread 0x000000001d1d9000 nmethod 1449 0x0000000002681e10 code [0x0000000002682120, 0x0000000002683968]
Event: 41.914 Thread 0x000000001d1d9000 1450       1       java.util.HashMap::afterNodeRemoval (1 bytes)
Event: 41.914 Thread 0x000000001d1d9000 nmethod 1450 0x0000000002674d50 code [0x0000000002674ea0, 0x0000000002674fb0]
Event: 43.090 Thread 0x000000001d1d9000 1451       3       javax.swing.Timer::timerQueue (4 bytes)
Event: 43.091 Thread 0x000000001d1d9000 nmethod 1451 0x0000000002684450 code [0x00000000026845c0, 0x0000000002684748]
Event: 43.091 Thread 0x000000001d1d9000 1452   !   3       javax.swing.TimerQueue::sharedInstance (44 bytes)
Event: 43.091 Thread 0x000000001d1d9000 nmethod 1452 0x00000000026847d0 code [0x0000000002684a00, 0x0000000002685638]
Event: 43.250 Thread 0x000000001d1d9000 1453       1       javax.swing.Timer::getInitialDelay (5 bytes)
Event: 43.250 Thread 0x000000001d1d9000 nmethod 1453 0x0000000002674a50 code [0x0000000002674ba0, 0x0000000002674cb0]
Event: 43.306 Thread 0x000000001d1ca000 1454   !   4       sun.awt.PostEventQueue::flush (168 bytes)

GC Heap History (0 events):
No events

Deoptimization events (10 events):
Event: 0.716 Thread 0x000000001d1d5800 Uncommon trap: reason=class_check action=maybe_recompile pc=0x000000000231b034 method=java.lang.String.equals(Ljava/lang/Object;)Z @ 8
Event: 0.716 Thread 0x000000001d1d5800 Uncommon trap: reason=class_check action=maybe_recompile pc=0x000000000231b034 method=java.lang.String.equals(Ljava/lang/Object;)Z @ 8
Event: 0.716 Thread 0x000000001d1d5800 Uncommon trap: reason=class_check action=maybe_recompile pc=0x000000000231b034 method=java.lang.String.equals(Ljava/lang/Object;)Z @ 8
Event: 0.965 Thread 0x000000001d1d5800 Uncommon trap: reason=unstable_if action=reinterpret pc=0x0000000002369e38 method=java.lang.CharacterData.of(I)Ljava/lang/CharacterData; @ 4
Event: 0.973 Thread 0x000000001d1d5800 Uncommon trap: reason=unstable_if action=reinterpret pc=0x0000000002418474 method=java.lang.Character.isSurrogate(C)Z @ 3
Event: 34.502 Thread 0x000000001d1d5800 Uncommon trap: reason=class_check action=maybe_recompile pc=0x00000000024313fc method=java.nio.charset.CharsetDecoder.decode(Ljava/nio/ByteBuffer;Ljava/nio/CharBuffer;Z)Ljava/nio/charset/CoderResult; @ 57
Event: 34.502 Thread 0x000000001d1d5800 Uncommon trap: reason=unstable_if action=reinterpret pc=0x00000000023a5160 method=java.io.WinNTFileSystem.normalize(Ljava/lang/String;)Ljava/lang/String; @ 104
Event: 34.503 Thread 0x000000001d1d5800 Uncommon trap: reason=class_check action=maybe_recompile pc=0x00000000024313fc method=java.nio.charset.CharsetDecoder.decode(Ljava/nio/ByteBuffer;Ljava/nio/CharBuffer;Z)Ljava/nio/charset/CoderResult; @ 57
Event: 34.503 Thread 0x000000001d1d5800 Uncommon trap: reason=class_check action=maybe_recompile pc=0x00000000024313fc method=java.nio.charset.CharsetDecoder.decode(Ljava/nio/ByteBuffer;Ljava/nio/CharBuffer;Z)Ljava/nio/charset/CoderResult; @ 57
Event: 34.503 Thread 0x000000001d1d5800 Uncommon trap: reason=class_check action=maybe_recompile pc=0x00000000024313fc method=java.nio.charset.CharsetDecoder.decode(Ljava/nio/ByteBuffer;Ljava/nio/CharBuffer;Z)Ljava/nio/charset/CoderResult; @ 57

Classes redefined (0 events):
No events

Internal exceptions (10 events):
Event: 0.156 Thread 0x0000000001f8e000 Exception <a 'java/security/PrivilegedActionException'> (0x0000000770489250) thrown at [C:\ade\jenkins\workspace\8-2-build-windows-amd64-cygwin\jdk8u241\331\hotspot\src\share\vm\prims\jvm.cpp, line 1502]
Event: 0.165 Thread 0x0000000001f8e000 Exception <a 'java/io/FileNotFoundException'> (0x000000077048b420) thrown at [C:\ade\jenkins\workspace\8-2-build-windows-amd64-cygwin\jdk8u241\331\hotspot\src\share\vm\prims\jni.cpp, line 710]
Event: 0.204 Thread 0x0000000001f8e000 Exception <a 'java/lang/NoSuchFieldError': method resolution failed> (0x0000000770690098) thrown at [C:\ade\jenkins\workspace\8-2-build-windows-amd64-cygwin\jdk8u241\331\hotspot\src\share\vm\prims\methodHandles.cpp, line 1167]
Event: 0.206 Thread 0x0000000001f8e000 Exception <a 'java/lang/NoSuchFieldError': method resolution failed> (0x000000077069d468) thrown at [C:\ade\jenkins\workspace\8-2-build-windows-amd64-cygwin\jdk8u241\331\hotspot\src\share\vm\prims\methodHandles.cpp, line 1167]
Event: 0.272 Thread 0x000000001d1d5800 Exception <a 'java/io/FileNotFoundException'> (0x0000000770a0d6e8) thrown at [C:\ade\jenkins\workspace\8-2-build-windows-amd64-cygwin\jdk8u241\331\hotspot\src\share\vm\prims\jni.cpp, line 710]
Event: 0.375 Thread 0x000000001d1d5800 Implicit null exception at 0x0000000002300a22 to 0x0000000002300bf9
Event: 39.350 Thread 0x000000001d1d5800 Exception <a 'java/lang/ArrayIndexOutOfBoundsException'> (0x0000000771a4fbf8) thrown at [C:\ade\jenkins\workspace\8-2-build-windows-amd64-cygwin\jdk8u241\331\hotspot\src\share\vm\prims\jvm.cpp, line 1506]
Event: 39.350 Thread 0x000000001d1d5800 Exception <a 'java/lang/ArrayIndexOutOfBoundsException'> (0x0000000771a4fbf8) thrown at [C:\ade\jenkins\workspace\8-2-build-windows-amd64-cygwin\jdk8u241\331\hotspot\src\share\vm\prims\jvm.cpp, line 1506]
Event: 41.659 Thread 0x000000001d1d5800 Exception <a 'java/lang/ArrayIndexOutOfBoundsException'> (0x0000000771a95928) thrown at [C:\ade\jenkins\workspace\8-2-build-windows-amd64-cygwin\jdk8u241\331\hotspot\src\share\vm\prims\jvm.cpp, line 1506]
Event: 41.659 Thread 0x000000001d1d5800 Exception <a 'java/lang/ArrayIndexOutOfBoundsException'> (0x0000000771a95928) thrown at [C:\ade\jenkins\workspace\8-2-build-windows-amd64-cygwin\jdk8u241\331\hotspot\src\share\vm\prims\jvm.cpp, line 1506]

Events (10 events):
Event: 39.436 loading class javax/swing/JToggleButton
Event: 39.436 loading class javax/swing/JToggleButton done
Event: 39.436 loading class javax/swing/JCheckBox done
Event: 39.436 loading class javax/swing/LegacyGlueFocusTraversalPolicy
Event: 39.436 loading class javax/swing/LegacyGlueFocusTraversalPolicy done
Event: 39.439 loading class javax/swing/event/MenuDragMouseEvent
Event: 39.439 loading class javax/swing/event/MenuDragMouseEvent done
Event: 39.518 Executing VM operation: RevokeBias
Event: 39.518 Executing VM operation: RevokeBias done
Event: 39.518 Thread 0x0000000025a3c800 Thread exited: 0x0000000025a3c800


Dynamic libraries:
0x00007ff721740000 - 0x00007ff721777000 	C:\Program Files\Java\jre1.8.0_241\bin\javaw.exe
0x00007ffd66040000 - 0x00007ffd66230000 	C:\WINDOWS\SYSTEM32\ntdll.dll
0x00007ffd58a50000 - 0x00007ffd58a65000 	C:\Program Files\AVAST Software\Avast\aswhook.dll
0x00007ffd658a0000 - 0x00007ffd65952000 	C:\WINDOWS\System32\KERNEL32.DLL
0x00007ffd63cf0000 - 0x00007ffd63f93000 	C:\WINDOWS\System32\KERNELBASE.dll
0x00007ffd64bb0000 - 0x00007ffd64c53000 	C:\WINDOWS\System32\ADVAPI32.dll
0x00007ffd642f0000 - 0x00007ffd6438e000 	C:\WINDOWS\System32\msvcrt.dll
0x00007ffd65c50000 - 0x00007ffd65ce7000 	C:\WINDOWS\System32\sechost.dll
0x00007ffd641d0000 - 0x00007ffd642f0000 	C:\WINDOWS\System32\RPCRT4.dll
0x00007ffd645a0000 - 0x00007ffd64734000 	C:\WINDOWS\System32\USER32.dll
0x00007ffd64070000 - 0x00007ffd64091000 	C:\WINDOWS\System32\win32u.dll
0x00007ffd64e40000 - 0x00007ffd64e66000 	C:\WINDOWS\System32\GDI32.dll
0x00007ffd631d0000 - 0x00007ffd63364000 	C:\WINDOWS\System32\gdi32full.dll
0x00007ffd63b50000 - 0x00007ffd63bee000 	C:\WINDOWS\System32\msvcp_win.dll
0x00007ffd63bf0000 - 0x00007ffd63cea000 	C:\WINDOWS\System32\ucrtbase.dll
0x00007ffd558c0000 - 0x00007ffd55b45000 	C:\WINDOWS\WinSxS\amd64_microsoft.windows.common-controls_6595b64144ccf1df_6.0.18362.720_none_e6beb5c51314836b\COMCTL32.dll
0x00007ffd64e70000 - 0x00007ffd651a6000 	C:\WINDOWS\System32\combase.dll
0x00007ffd63150000 - 0x00007ffd631d0000 	C:\WINDOWS\System32\bcryptPrimitives.dll
0x00007ffd65bc0000 - 0x00007ffd65bee000 	C:\WINDOWS\System32\IMM32.DLL
0x0000000058ed0000 - 0x0000000058fa2000 	C:\Program Files\Java\jre1.8.0_241\bin\msvcr100.dll
0x0000000059090000 - 0x000000005993c000 	C:\Program Files\Java\jre1.8.0_241\bin\server\jvm.dll
0x00007ffd640f0000 - 0x00007ffd640f8000 	C:\WINDOWS\System32\PSAPI.DLL
0x00007ffd52460000 - 0x00007ffd52469000 	C:\WINDOWS\SYSTEM32\WSOCK32.dll
0x00007ffd65eb0000 - 0x00007ffd65f1f000 	C:\WINDOWS\System32\WS2_32.dll
0x00007ffd60a20000 - 0x00007ffd60a44000 	C:\WINDOWS\SYSTEM32\WINMM.dll
0x00007ffd5add0000 - 0x00007ffd5adda000 	C:\WINDOWS\SYSTEM32\VERSION.dll
0x00007ffd609f0000 - 0x00007ffd60a1d000 	C:\WINDOWS\SYSTEM32\WINMMBASE.dll
0x00007ffd640a0000 - 0x00007ffd640ea000 	C:\WINDOWS\System32\cfgmgr32.dll
0x00007ffd587b0000 - 0x00007ffd587bf000 	C:\Program Files\Java\jre1.8.0_241\bin\verify.dll
0x00007ffd58780000 - 0x00007ffd587a9000 	C:\Program Files\Java\jre1.8.0_241\bin\java.dll
0x00007ffd58760000 - 0x00007ffd58776000 	C:\Program Files\Java\jre1.8.0_241\bin\zip.dll
0x00007ffd651b0000 - 0x00007ffd65895000 	C:\WINDOWS\System32\SHELL32.dll
0x00007ffd65960000 - 0x00007ffd65a09000 	C:\WINDOWS\System32\shcore.dll
0x00007ffd633d0000 - 0x00007ffd63b50000 	C:\WINDOWS\System32\windows.storage.dll
0x00007ffd62fa0000 - 0x00007ffd62fc3000 	C:\WINDOWS\System32\profapi.dll
0x00007ffd62f50000 - 0x00007ffd62f9a000 	C:\WINDOWS\System32\powrprof.dll
0x00007ffd62f00000 - 0x00007ffd62f10000 	C:\WINDOWS\System32\UMPDC.dll
0x00007ffd65cf0000 - 0x00007ffd65d42000 	C:\WINDOWS\System32\shlwapi.dll
0x00007ffd62f30000 - 0x00007ffd62f41000 	C:\WINDOWS\System32\kernel.appcore.dll
0x00007ffd63fa0000 - 0x00007ffd63fb7000 	C:\WINDOWS\System32\cryptsp.dll
0x00007ffd3edd0000 - 0x00007ffd3ef6a000 	C:\Program Files\Java\jre1.8.0_241\bin\awt.dll
0x00007ffd64100000 - 0x00007ffd641c4000 	C:\WINDOWS\System32\OLEAUT32.dll
0x00007ffd610b0000 - 0x00007ffd6113f000 	C:\WINDOWS\SYSTEM32\apphelp.dll
0x00007ffd61280000 - 0x00007ffd61319000 	C:\WINDOWS\system32\uxtheme.dll
0x00007ffd64460000 - 0x00007ffd64596000 	C:\WINDOWS\System32\MSCTF.dll
0x00007ffd64ce0000 - 0x00007ffd64e37000 	C:\WINDOWS\System32\ole32.dll
0x00007ffd616a0000 - 0x00007ffd616cd000 	C:\WINDOWS\system32\DWMAPI.DLL
0x00007ffd3eb70000 - 0x00007ffd3ecc6000 	C:\WINDOWS\system32\opengl32.dll
0x00007ffd59230000 - 0x00007ffd5925c000 	C:\WINDOWS\SYSTEM32\GLU32.dll
0x00007ffd61b70000 - 0x00007ffd61b90000 	C:\WINDOWS\SYSTEM32\dxcore.dll
0x00007ffd580d0000 - 0x00007ffd58297000 	C:\WINDOWS\system32\d3d9.dll
0x00007ffd579a0000 - 0x00007ffd57b7d000 	C:\WINDOWS\System32\DriverStore\FileRepository\u0330194.inf_amd64_6a88d4165e944d7c\B329837\aticfx64.dll
0x00007ffd56e60000 - 0x00007ffd56e8e000 	C:\WINDOWS\System32\DriverStore\FileRepository\u0330194.inf_amd64_6a88d4165e944d7c\B329837\atiu9p64.dll
0x00007ffd24600000 - 0x00007ffd2513c000 	C:\WINDOWS\System32\DriverStore\FileRepository\u0330194.inf_amd64_6a88d4165e944d7c\B329837\atiumd64.dll
0x0000000059ad0000 - 0x000000005a6ab000 	C:\WINDOWS\System32\DriverStore\FileRepository\u0330194.inf_amd64_6a88d4165e944d7c\B329837\atiumd6a.dll
0x00007ffd591e0000 - 0x00007ffd59229000 	C:\Program Files\Java\jre1.8.0_241\bin\fontmanager.dll
0x00007ffd64390000 - 0x00007ffd64432000 	C:\WINDOWS\System32\clbcatq.dll
0x00007ffd5d7b0000 - 0x00007ffd5d95f000 	C:\WINDOWS\SYSTEM32\WindowsCodecs.dll
0x00007ffd53340000 - 0x00007ffd5337a000 	C:\WINDOWS\system32\dataexchange.dll
0x00007ffd60150000 - 0x00007ffd603ab000 	C:\WINDOWS\system32\d3d11.dll
0x00007ffd60810000 - 0x00007ffd609eb000 	C:\WINDOWS\system32\dcomp.dll
0x00007ffd61c00000 - 0x00007ffd61ceb000 	C:\WINDOWS\system32\dxgi.dll
0x00007ffd61350000 - 0x00007ffd615aa000 	C:\WINDOWS\system32\twinapi.appcore.dll
0x00007ffd61860000 - 0x00007ffd61889000 	C:\WINDOWS\system32\RMCLIENT.dll
0x00007ffd586e0000 - 0x00007ffd586fa000 	C:\Program Files\Java\jre1.8.0_241\bin\net.dll
0x00007ffd62710000 - 0x00007ffd62777000 	C:\WINDOWS\system32\mswsock.dll
0x00007ffd57cc0000 - 0x00007ffd57cd2000 	C:\Program Files\Java\jre1.8.0_241\bin\nio.dll
0x00007ffd58d00000 - 0x00007ffd58d42000 	C:\Program Files\Java\jre1.8.0_241\bin\t2k.dll
0x00007ffd59af0000 - 0x00007ffd59b8e000 	C:\WINDOWS\System32\TextInputFramework.dll
0x00007ffd5dfd0000 - 0x00007ffd5e2fa000 	C:\WINDOWS\System32\CoreUIComponents.dll
0x00007ffd60a50000 - 0x00007ffd60b24000 	C:\WINDOWS\System32\CoreMessaging.dll
0x00007ffd61f60000 - 0x00007ffd61f91000 	C:\WINDOWS\SYSTEM32\ntmarta.dll
0x00007ffd5ef00000 - 0x00007ffd5f053000 	C:\WINDOWS\SYSTEM32\wintypes.dll
0x00007ffd56070000 - 0x00007ffd56316000 	C:\WINDOWS\System32\iertutil.dll

VM Arguments:
jvm_args: -Dfile.encoding=Cp1252 
java_command: register
java_class_path (initial): C:\Users\User\Desktop\Lab\bin
Launcher Type: SUN_STANDARD

Environment Variables:
PATH=C:/Program Files/Java/jre1.8.0_241/bin/server;C:/Program Files/Java/jre1.8.0_241/bin;C:/Program Files/Java/jre1.8.0_241/lib/amd64;C:\Program Files (x86)\Common Files\Oracle\Java\javapath;C:\Windows\system32;C:\Windows;C:\Windows\System32\Wbem;C:\Windows\System32\WindowsPowerShell\v1.0\;C:\Windows\System32\OpenSSH\;C:\Program Files (x86)\NVIDIA Corporation\PhysX\Common;C:\Program Files (x86)\Windows Live\Shared;C:\Program Files (x86)\Microsoft SQL Server\100\Tools\Binn\;C:\Program Files\Microsoft SQL Server\100\Tools\Binn\;C:\Program Files\Microsoft SQL Server\100\DTS\Binn\;C:\Program Files\Git\cmd;C:\WINDOWS\system32;C:\WINDOWS;C:\WINDOWS\System32\Wbem;C:\WINDOWS\System32\WindowsPowerShell\v1.0\;C:\WINDOWS\System32\OpenSSH\;C:\Program files (x86)\java\jdk1.6.0_29\bin;D:\Python37\Scripts\;D:\Python37\;C:\Users\User\AppData\Local\Programs\Python\Python37-32\Scripts\;C:\Users\User\AppData\Local\Programs\Python\Python37-32\;C:\Users\User\AppData\Local\Microsoft\WindowsApps;C:\Users\User\AppData\Local\Programs\Microsoft VS Code\bin;C:\Program files (x86)\java\jdk1.6.0_29\bin;;C:\Users\User\Desktop\eclipse;
USERNAME=User
OS=Windows_NT
PROCESSOR_IDENTIFIER=AMD64 Family 23 Model 17 Stepping 0, AuthenticAMD



---------------  S Y S T E M  ---------------

OS: Windows 10.0 , 64 bit Build 18362 (10.0.18362.329)

CPU:total 8 (initial active 8) (8 cores per cpu, 1 threads per core) family 23 model 17 stepping 0, cmov, cx8, fxsr, mmx, sse, sse2, sse3, ssse3, sse4.1, sse4.2, popcnt, avx, avx2, aes, clmul, mmxext, 3dnowpref, lzcnt, sse4a, tsc, tscinvbit, tscinv, bmi1

Memory: 4k page, physical 15675624k(3000104k free), swap 63910120k(4128k free)

vm_info: Java HotSpot(TM) 64-Bit Server VM (25.241-b07) for windows-amd64 JRE (1.8.0_241-b07), built on Dec 11 2019 10:21:40 by "rejava" with MS VC++ 10.0 (VS2010)

time: Wed Apr 01 19:19:21 2020
timezone: SE Asia Standard Time
elapsed time: 43 seconds (0d 0h 0m 43s)

