#
# There is insufficient memory for the Java Runtime Environment to continue.
# Native memory allocation (malloc) failed to allocate 1792 bytes for AllocateHeap
# Possible reasons:
#   The system is out of physical RAM or swap space
#   The process is running with CompressedOops enabled, and the Java Heap may be blocking the growth of the native heap
# Possible solutions:
#   Reduce memory load on the system
#   Increase physical memory or swap space
#   Check if swap backing store is full
#   Decrease Java heap size (-Xmx/-Xms)
#   Decrease number of Java threads
#   Decrease Java thread stack sizes (-Xss)
#   Set larger code cache with -XX:ReservedCodeCacheSize=
#   JVM is running with Zero Based Compressed Oops mode in which the Java heap is
#     placed in the first 32GB address space. The Java Heap base address is the
#     maximum limit for the native heap growth. Please use -XX:HeapBaseMinAddress
#     to set the Java Heap base and to place the Java Heap above 32GB virtual address.
# This output file may be truncated or incomplete.
#
#  Out of Memory Error (memory/allocation.inline.hpp:61), pid=2992, tid=0x00000000000018a8
#
# JRE version: Java(TM) SE Runtime Environment (8.0_241-b07) (build 1.8.0_241-b07)
# Java VM: Java HotSpot(TM) 64-Bit Server VM (25.241-b07 mixed mode windows-amd64 compressed oops)
# Failed to write core dump. Minidumps are not enabled by default on client versions of Windows
#

---------------  T H R E A D  ---------------

Current thread (0x0000000002ddf800):  GCTaskThread [stack: 0x0000000013400000,0x0000000013500000] [id=6312]

Stack: [0x0000000013400000,0x0000000013500000]
[error occurred during error reporting (printing stack bounds), id 0xc0000005]

Native frames: (J=compiled Java code, j=interpreted, Vv=VM code, C=native code)

JavaThread 0x000000001ef01800 (nid = 12872) was being processed
Java frames: (J=compiled Java code, j=interpreted, Vv=VM code)
j  sun.awt.windows.WToolkit.eventLoop()V+0
j  sun.awt.windows.WToolkit.run()V+58
j  java.lang.Thread.run()V+11
v  ~StubRoutines::call_stub

---------------  P R O C E S S  ---------------

Java Threads: ( => current thread )
  0x000000001ef8d000 JavaThread "D3D Screen Updater" daemon [_thread_blocked, id=7192, stack(0x0000000025760000,0x0000000025860000)]
  0x0000000002bce000 JavaThread "DestroyJavaVM" [_thread_blocked, id=2784, stack(0x0000000002cc0000,0x0000000002dc0000)]
  0x000000001ef2a000 JavaThread "AWT-EventQueue-0" [_thread_blocked, id=14572, stack(0x0000000025560000,0x0000000025660000)]
  0x000000001ef01800 JavaThread "AWT-Windows" daemon [_thread_blocked, id=12872, stack(0x000000001f870000,0x000000001f970000)]
  0x000000001ef01000 JavaThread "AWT-Shutdown" [_thread_blocked, id=7668, stack(0x000000001f770000,0x000000001f870000)]
  0x000000001ef00000 JavaThread "Java2D Disposer" daemon [_thread_blocked, id=11952, stack(0x000000001f670000,0x000000001f770000)]
  0x000000001e008000 JavaThread "Service Thread" daemon [_thread_blocked, id=15252, stack(0x000000001eb30000,0x000000001ec30000)]
  0x000000001df6c800 JavaThread "C1 CompilerThread3" daemon [_thread_blocked, id=4144, stack(0x000000001ea30000,0x000000001eb30000)]
  0x000000001df64800 JavaThread "C2 CompilerThread2" daemon [_thread_blocked, id=15656, stack(0x000000001e930000,0x000000001ea30000)]
  0x000000001df60000 JavaThread "C2 CompilerThread1" daemon [_thread_blocked, id=5736, stack(0x000000001e830000,0x000000001e930000)]
  0x000000001df5a000 JavaThread "C2 CompilerThread0" daemon [_thread_blocked, id=15208, stack(0x000000001e730000,0x000000001e830000)]
  0x000000001df57000 JavaThread "Attach Listener" daemon [_thread_blocked, id=15856, stack(0x000000001e630000,0x000000001e730000)]
  0x000000001c01e800 JavaThread "Signal Dispatcher" daemon [_thread_blocked, id=15516, stack(0x000000001e530000,0x000000001e630000)]
  0x0000000002ebe800 JavaThread "Finalizer" daemon [_thread_blocked, id=14876, stack(0x000000001e330000,0x000000001e430000)]
  0x0000000002eb7000 JavaThread "Reference Handler" daemon [_thread_blocked, id=8204, stack(0x000000001de30000,0x000000001df30000)]

Other Threads:
  0x000000001c00a000 VMThread [stack: 0x000000001dd30000,0x000000001de30000] [id=15476]
  0x000000001e00b000 WatcherThread [stack: 0x000000001ec30000,0x000000001ed30000] [id=4220]

=>0x0000000002ddf800 (exited) GCTaskThread [stack: 0x0000000013400000,0x0000000013500000] [id=6312]

VM state:at safepoint (normal execution)

VM Mutex/Monitor currently owned by a thread:  ([mutex/lock_event])
[0x0000000002bcc680] OopMapCacheAlloc_lock - owner thread: 0x0000000002ddf800
[0x0000000002bccc50] Threads_lock - owner thread: 0x000000001c00a000
[0x0000000002bcd750] Heap_lock - owner thread: 0x000000001ef2a000

heap address: 0x00000006d0c00000, size: 3828 MB, Compressed Oops mode: Zero based, Oop shift amount: 3
Narrow klass base: 0x0000000000000000, Narrow klass shift: 3
Compressed class space size: 1073741824 Address: 0x00000007c0000000

Heap:
 PSYoungGen      total 71680K, used 9831K [0x0000000770400000, 0x0000000775400000, 0x00000007c0000000)
  eden space 61440K, 16% used [0x0000000770400000,0x0000000770d99c28,0x0000000774000000)
  from space 10240K, 0% used [0x0000000774a00000,0x0000000774a00000,0x0000000775400000)
  to   space 10240K, 14% used [0x0000000774000000,0x0000000774178020,0x0000000774a00000)
 ParOldGen       total 163840K, used 8K [0x00000006d0c00000, 0x00000006dac00000, 0x0000000770400000)
  object space 163840K, 0% used [0x00000006d0c00000,0x00000006d0c02000,0x00000006dac00000)
 Metaspace       used 8427K, capacity 8564K, committed 8832K, reserved 1056768K
  class space    used 1055K, capacity 1126K, committed 1152K, reserved 1048576K

Card table byte_map: [0x0000000012280000,0x0000000012a00000] byte_map_base: 0x000000000ebfa000

Marking Bits: (ParMarkBitMap*) 0x000000007534be30
 Begin Bits: [0x0000000013700000, 0x00000000172d0000)
 End Bits:   [0x00000000172d0000, 0x000000001aea0000)

Polling page: 0x0000000002ba0000

CodeCache: size=245760Kb used=1796Kb max_used=1796Kb free=243963Kb
 bounds [0x0000000002ec0000, 0x0000000003130000, 0x0000000011ec0000]
 total_blobs=792 nmethods=354 adapters=352
 compilation: enabled

Compilation events (10 events):
Event: 0.635 Thread 0x000000001df6c800  350       3       sun.java2d.pipe.RenderBuffer::remaining (11 bytes)
Event: 0.635 Thread 0x000000001df6c800 nmethod 350 0x0000000003080410 code [0x0000000003080560, 0x00000000030806b0]
Event: 0.635 Thread 0x000000001df6c800  349       1       sun.java2d.pipe.RenderQueue::getBuffer (5 bytes)
Event: 0.635 Thread 0x000000001df6c800 nmethod 349 0x0000000003080710 code [0x0000000003080860, 0x0000000003080970]
Event: 0.635 Thread 0x000000001df6c800  351       1       java.awt.RenderingHints$Key::intKey (5 bytes)
Event: 0.635 Thread 0x000000001df6c800 nmethod 351 0x00000000030809d0 code [0x0000000003080b20, 0x0000000003080c30]
Event: 0.635 Thread 0x000000001df6c800  352       1       java.awt.image.ColorModel::getTransparency (5 bytes)
Event: 0.635 Thread 0x000000001df6c800 nmethod 352 0x0000000003080c90 code [0x0000000003080de0, 0x0000000003080ef0]
Event: 0.635 Thread 0x000000001df6c800  353       1       sun.java2d.SurfaceData::getColorModel (5 bytes)
Event: 0.635 Thread 0x000000001df6c800 nmethod 353 0x00000000030812d0 code [0x0000000003081420, 0x0000000003081530]

GC Heap History (1 events):
Event: 0.645 GC heap before
{Heap before GC invocations=1 (full 0):
 PSYoungGen      total 71680K, used 9831K [0x0000000770400000, 0x0000000775400000, 0x00000007c0000000)
  eden space 61440K, 16% used [0x0000000770400000,0x0000000770d99c28,0x0000000774000000)
  from space 10240K, 0% used [0x0000000774a00000,0x0000000774a00000,0x0000000775400000)
  to   space 10240K, 0% used [0x0000000774000000,0x0000000774000000,0x0000000774a00000)
 ParOldGen       total 163840K, used 0K [0x00000006d0c00000, 0x00000006dac00000, 0x0000000770400000)
  object space 163840K, 0% used [0x00000006d0c00000,0x00000006d0c00000,0x00000006dac00000)
 Metaspace       used 8427K, capacity 8564K, committed 8832K, reserved 1056768K
  class space    used 1055K, capacity 1126K, committed 1152K, reserved 1048576K

Deoptimization events (1 events):
Event: 0.361 Thread 0x0000000002bce000 Uncommon trap: reason=null_check action=make_not_entrant pc=0x000000000302fe88 method=java.lang.String.equals(Ljava/lang/Object;)Z @ 8

Classes redefined (0 events):
No events

Internal exceptions (10 events):
Event: 0.050 Thread 0x0000000002bce000 Exception <a 'java/lang/NoSuchMethodError': Method sun.misc.Unsafe.prefetchRead(Ljava/lang/Object;J)V name or signature does not match> (0x0000000770407fa8) thrown at [C:\ade\jenkins\workspace\8-2-build-windows-amd64-cygwin\jdk8u241\331\hotspot\src\share\
Event: 0.154 Thread 0x0000000002bce000 Exception <a 'java/security/PrivilegedActionException'> (0x0000000770480f58) thrown at [C:\ade\jenkins\workspace\8-2-build-windows-amd64-cygwin\jdk8u241\331\hotspot\src\share\vm\prims\jvm.cpp, line 1502]
Event: 0.154 Thread 0x0000000002bce000 Exception <a 'java/security/PrivilegedActionException'> (0x0000000770481168) thrown at [C:\ade\jenkins\workspace\8-2-build-windows-amd64-cygwin\jdk8u241\331\hotspot\src\share\vm\prims\jvm.cpp, line 1502]
Event: 0.155 Thread 0x0000000002bce000 Exception <a 'java/security/PrivilegedActionException'> (0x0000000770484dd8) thrown at [C:\ade\jenkins\workspace\8-2-build-windows-amd64-cygwin\jdk8u241\331\hotspot\src\share\vm\prims\jvm.cpp, line 1502]
Event: 0.155 Thread 0x0000000002bce000 Exception <a 'java/security/PrivilegedActionException'> (0x0000000770484fe8) thrown at [C:\ade\jenkins\workspace\8-2-build-windows-amd64-cygwin\jdk8u241\331\hotspot\src\share\vm\prims\jvm.cpp, line 1502]
Event: 0.164 Thread 0x0000000002bce000 Exception <a 'java/io/FileNotFoundException'> (0x00000007704871b8) thrown at [C:\ade\jenkins\workspace\8-2-build-windows-amd64-cygwin\jdk8u241\331\hotspot\src\share\vm\prims\jni.cpp, line 710]
Event: 0.208 Thread 0x0000000002bce000 Exception <a 'java/lang/NoSuchFieldError': method resolution failed> (0x000000077068bbd0) thrown at [C:\ade\jenkins\workspace\8-2-build-windows-amd64-cygwin\jdk8u241\331\hotspot\src\share\vm\prims\methodHandles.cpp, line 1167]
Event: 0.210 Thread 0x0000000002bce000 Exception <a 'java/lang/NoSuchFieldError': method resolution failed> (0x0000000770698fa0) thrown at [C:\ade\jenkins\workspace\8-2-build-windows-amd64-cygwin\jdk8u241\331\hotspot\src\share\vm\prims\methodHandles.cpp, line 1167]
Event: 0.260 Thread 0x0000000002bce000 Exception <a 'java/io/FileNotFoundException'> (0x0000000770732a40) thrown at [C:\ade\jenkins\workspace\8-2-build-windows-amd64-cygwin\jdk8u241\331\hotspot\src\share\vm\prims\jni.cpp, line 710]
Event: 0.361 Thread 0x0000000002bce000 Implicit null exception at 0x000000000302fca2 to 0x000000000302fe79

Events (10 events):
Event: 0.631 loading class java/awt/DefaultKeyboardFocusManager$TypeAheadMarker
Event: 0.631 loading class java/awt/DefaultKeyboardFocusManager$TypeAheadMarker done
Event: 0.632 loading class java/awt/KeyboardFocusManager$LightweightFocusRequest
Event: 0.632 loading class java/awt/KeyboardFocusManager$LightweightFocusRequest done
Event: 0.632 loading class sun/awt/CausedFocusEvent
Event: 0.632 loading class sun/awt/CausedFocusEvent done
Event: 0.645 loading class java/awt/Container$MouseEventTargetFilter
Event: 0.645 loading class java/awt/Container$EventTargetFilter
Event: 0.645 loading class java/awt/Container$EventTargetFilter done
Event: 0.645 Executing VM operation: CollectForMetadataAllocation


Dynamic libraries:
0x00007ff6faf70000 - 0x00007ff6fafa7000 	C:\Program Files\Java\jre1.8.0_241\bin\javaw.exe
0x00007ffdfd960000 - 0x00007ffdfdb50000 	C:\WINDOWS\SYSTEM32\ntdll.dll
0x00007ffdf7330000 - 0x00007ffdf7345000 	C:\Program Files\AVAST Software\Avast\aswhook.dll
0x00007ffdfc420000 - 0x00007ffdfc4d2000 	C:\WINDOWS\System32\KERNEL32.DLL
0x00007ffdfb430000 - 0x00007ffdfb6d3000 	C:\WINDOWS\System32\KERNELBASE.dll
0x00007ffdfd5a0000 - 0x00007ffdfd643000 	C:\WINDOWS\System32\ADVAPI32.dll
0x00007ffdfc4e0000 - 0x00007ffdfc57e000 	C:\WINDOWS\System32\msvcrt.dll
0x00007ffdfc1d0000 - 0x00007ffdfc267000 	C:\WINDOWS\System32\sechost.dll
0x00007ffdfd650000 - 0x00007ffdfd770000 	C:\WINDOWS\System32\RPCRT4.dll
0x00007ffdfd020000 - 0x00007ffdfd1b4000 	C:\WINDOWS\System32\USER32.dll
0x00007ffdfb3b0000 - 0x00007ffdfb3d1000 	C:\WINDOWS\System32\win32u.dll
0x00007ffdfba80000 - 0x00007ffdfbaa6000 	C:\WINDOWS\System32\GDI32.dll
0x00007ffdfb210000 - 0x00007ffdfb3a4000 	C:\WINDOWS\System32\gdi32full.dll
0x00007ffdfb170000 - 0x00007ffdfb20e000 	C:\WINDOWS\System32\msvcp_win.dll
0x00007ffdfb7c0000 - 0x00007ffdfb8ba000 	C:\WINDOWS\System32\ucrtbase.dll
0x00007ffdef200000 - 0x00007ffdef485000 	C:\WINDOWS\WinSxS\amd64_microsoft.windows.common-controls_6595b64144ccf1df_6.0.18362.720_none_e6beb5c51314836b\COMCTL32.dll
0x00007ffdfcce0000 - 0x00007ffdfd016000 	C:\WINDOWS\System32\combase.dll
0x00007ffdfa8f0000 - 0x00007ffdfa970000 	C:\WINDOWS\System32\bcryptPrimitives.dll
0x00007ffdfd8f0000 - 0x00007ffdfd91e000 	C:\WINDOWS\System32\IMM32.DLL
0x00000000748b0000 - 0x0000000074982000 	C:\Program Files\Java\jre1.8.0_241\bin\msvcr100.dll
0x0000000074b20000 - 0x00000000753cc000 	C:\Program Files\Java\jre1.8.0_241\bin\server\jvm.dll
0x00007ffdfccd0000 - 0x00007ffdfccd8000 	C:\WINDOWS\System32\PSAPI.DLL
0x00007ffde94a0000 - 0x00007ffde94a9000 	C:\WINDOWS\SYSTEM32\WSOCK32.dll
0x00007ffdfd450000 - 0x00007ffdfd4bf000 	C:\WINDOWS\System32\WS2_32.dll
0x00007ffdf88c0000 - 0x00007ffdf88e4000 	C:\WINDOWS\SYSTEM32\WINMM.dll
0x00007ffdf26f0000 - 0x00007ffdf26fa000 	C:\WINDOWS\SYSTEM32\VERSION.dll
0x00007ffdf8890000 - 0x00007ffdf88bd000 	C:\WINDOWS\SYSTEM32\WINMMBASE.dll
0x00007ffdfb3e0000 - 0x00007ffdfb42a000 	C:\WINDOWS\System32\cfgmgr32.dll
0x00007ffdf3740000 - 0x00007ffdf374f000 	C:\Program Files\Java\jre1.8.0_241\bin\verify.dll
0x00007ffdf0af0000 - 0x00007ffdf0b19000 	C:\Program Files\Java\jre1.8.0_241\bin\java.dll
0x00007ffdf3720000 - 0x00007ffdf3736000 	C:\Program Files\Java\jre1.8.0_241\bin\zip.dll
0x00007ffdfc5e0000 - 0x00007ffdfccc5000 	C:\WINDOWS\System32\SHELL32.dll
0x00007ffdfbfc0000 - 0x00007ffdfc069000 	C:\WINDOWS\System32\shcore.dll
0x00007ffdfa9f0000 - 0x00007ffdfb170000 	C:\WINDOWS\System32\windows.storage.dll
0x00007ffdfa870000 - 0x00007ffdfa893000 	C:\WINDOWS\System32\profapi.dll
0x00007ffdfa8a0000 - 0x00007ffdfa8ea000 	C:\WINDOWS\System32\powrprof.dll
0x00007ffdfa820000 - 0x00007ffdfa830000 	C:\WINDOWS\System32\UMPDC.dll
0x00007ffdfd4c0000 - 0x00007ffdfd512000 	C:\WINDOWS\System32\shlwapi.dll
0x00007ffdfa830000 - 0x00007ffdfa841000 	C:\WINDOWS\System32\kernel.appcore.dll
0x00007ffdfa970000 - 0x00007ffdfa987000 	C:\WINDOWS\System32\cryptsp.dll
0x00007ffdc9410000 - 0x00007ffdc95aa000 	C:\Program Files\Java\jre1.8.0_241\bin\awt.dll
0x00007ffdfd1c0000 - 0x00007ffdfd284000 	C:\WINDOWS\System32\OLEAUT32.dll
0x00007ffdf8900000 - 0x00007ffdf898f000 	C:\WINDOWS\SYSTEM32\apphelp.dll
0x00007ffdf8fc0000 - 0x00007ffdf8fed000 	C:\WINDOWS\system32\DWMAPI.DLL
0x00007ffdf8ba0000 - 0x00007ffdf8c39000 	C:\WINDOWS\system32\uxtheme.dll
0x00007ffdc91d0000 - 0x00007ffdc9326000 	C:\WINDOWS\system32\opengl32.dll
0x00007ffdf5ca0000 - 0x00007ffdf5ccc000 	C:\WINDOWS\SYSTEM32\GLU32.dll
0x00007ffdf9490000 - 0x00007ffdf94b0000 	C:\WINDOWS\SYSTEM32\dxcore.dll
0x00007ffdfc070000 - 0x00007ffdfc1a6000 	C:\WINDOWS\System32\MSCTF.dll
0x00007ffdfd2f0000 - 0x00007ffdfd447000 	C:\WINDOWS\System32\ole32.dll
0x00007ffdf3400000 - 0x00007ffdf35c7000 	C:\WINDOWS\system32\d3d9.dll
0x00007ffdeac70000 - 0x00007ffdeae4d000 	C:\WINDOWS\System32\DriverStore\FileRepository\u0330194.inf_amd64_6a88d4165e944d7c\B329837\aticfx64.dll
0x00007ffdf3ec0000 - 0x00007ffdf3eee000 	C:\WINDOWS\System32\DriverStore\FileRepository\u0330194.inf_amd64_6a88d4165e944d7c\B329837\atiu9p64.dll
0x00007ffdb7280000 - 0x00007ffdb7dbc000 	C:\WINDOWS\System32\DriverStore\FileRepository\u0330194.inf_amd64_6a88d4165e944d7c\B329837\atiumd64.dll
0x0000000075560000 - 0x000000007613b000 	C:\WINDOWS\System32\DriverStore\FileRepository\u0330194.inf_amd64_6a88d4165e944d7c\B329837\atiumd6a.dll
0x00007ffdf3f20000 - 0x00007ffdf3f69000 	C:\Program Files\Java\jre1.8.0_241\bin\fontmanager.dll
0x00007ffdea9e0000 - 0x00007ffdeaa7e000 	C:\WINDOWS\System32\TextInputFramework.dll
0x00007ffdf5e70000 - 0x00007ffdf619a000 	C:\WINDOWS\System32\CoreUIComponents.dll
0x00007ffdf8310000 - 0x00007ffdf83e4000 	C:\WINDOWS\System32\CoreMessaging.dll
0x00007ffdf9880000 - 0x00007ffdf98b1000 	C:\WINDOWS\SYSTEM32\ntmarta.dll
0x00007ffdf6860000 - 0x00007ffdf69b3000 	C:\WINDOWS\SYSTEM32\wintypes.dll
0x00007ffdf33c0000 - 0x00007ffdf33da000 	C:\Program Files\Java\jre1.8.0_241\bin\net.dll
0x00007ffdfa030000 - 0x00007ffdfa097000 	C:\WINDOWS\system32\mswsock.dll
0x00007ffdf0ad0000 - 0x00007ffdf0ae2000 	C:\Program Files\Java\jre1.8.0_241\bin\nio.dll
0x00007ffdf12a0000 - 0x00007ffdf12e2000 	C:\Program Files\Java\jre1.8.0_241\bin\t2k.dll

VM Arguments:
jvm_args: -Dfile.encoding=Cp1252 
java_command: Search
java_class_path (initial): C:\Users\User\workspace\Lab\bin
Launcher Type: SUN_STANDARD

Environment Variables:
PATH=C:/Program Files/Java/jre1.8.0_241/bin/server;C:/Program Files/Java/jre1.8.0_241/bin;C:/Program Files/Java/jre1.8.0_241/lib/amd64;C:\Program Files (x86)\Common Files\Oracle\Java\javapath;C:\Windows\system32;C:\Windows;C:\Windows\System32\Wbem;C:\Windows\System32\WindowsPowerShell\v1.0\;C:\Windows\System32\OpenSSH\;C:\Program Files (x86)\NVIDIA Corporation\PhysX\Common;C:\Program Files (x86)\Windows Live\Shared;C:\Program Files (x86)\Microsoft SQL Server\100\Tools\Binn\;C:\Program Files\Microsoft SQL Server\100\Tools\Binn\;C:\Program Files\Microsoft SQL Server\100\DTS\Binn\;C:\Program Files\Git\cmd;C:\WINDOWS\system32;C:\WINDOWS;C:\WINDOWS\System32\Wbem;C:\WINDOWS\System32\WindowsPowerShell\v1.0\;C:\WINDOWS\System32\OpenSSH\;C:\Program files (x86)\java\jdk1.6.0_29\bin;D:\Python37\Scripts\;D:\Python37\;C:\Users\User\AppData\Local\Programs\Python\Python37-32\Scripts\;C:\Users\User\AppData\Local\Programs\Python\Python37-32\;C:\Users\User\AppData\Local\Microsoft\WindowsApps;C:\Users\User\AppData\Local\Programs\Microsoft VS Code\bin;C:\Program files (x86)\java\jdk1.6.0_29\bin;;C:\Users\User\Desktop\eclipse;
USERNAME=User
OS=Windows_NT
PROCESSOR_IDENTIFIER=AMD64 Family 23 Model 17 Stepping 0, AuthenticAMD



---------------  S Y S T E M  ---------------

OS: Windows 10.0 , 64 bit Build 18362 (10.0.18362.329)

CPU:total 8 (initial active 8) (8 cores per cpu, 1 threads per core) family 23 model 17 stepping 0, cmov, cx8, fxsr, mmx, sse, sse2, sse3, ssse3, sse4.1, sse4.2, popcnt, avx, avx2, aes, clmul, mmxext, 3dnowpref, lzcnt, sse4a, tsc, tscinvbit, tscinv, bmi1

Memory: 4k page, physical 15675624k(576200k free), swap 63910120k(3164k free)

vm_info: Java HotSpot(TM) 64-Bit Server VM (25.241-b07) for windows-amd64 JRE (1.8.0_241-b07), built on Dec 11 2019 10:21:40 by "rejava" with MS VC++ 10.0 (VS2010)

time: Mon Mar 30 14:06:27 2020
timezone: SE Asia Standard Time
elapsed time: 0 seconds (0d 0h 0m 0s)

