#
# There is insufficient memory for the Java Runtime Environment to continue.
# Native memory allocation (malloc) failed to allocate 438096 bytes for Chunk::new
# Possible reasons:
#   The system is out of physical RAM or swap space
#   The process is running with CompressedOops enabled, and the Java Heap may be blocking the growth of the native heap
# Possible solutions:
#   Reduce memory load on the system
#   Increase physical memory or swap space
#   Check if swap backing store is full
#   Decrease Java heap size (-Xmx/-Xms)
#   Decrease number of Java threads
#   Decrease Java thread stack sizes (-Xss)
#   Set larger code cache with -XX:ReservedCodeCacheSize=
#   JVM is running with Zero Based Compressed Oops mode in which the Java heap is
#     placed in the first 32GB address space. The Java Heap base address is the
#     maximum limit for the native heap growth. Please use -XX:HeapBaseMinAddress
#     to set the Java Heap base and to place the Java Heap above 32GB virtual address.
# This output file may be truncated or incomplete.
#
#  Out of Memory Error (allocation.cpp:389), pid=12016, tid=0x0000000000001ff0
#
# JRE version: Java(TM) SE Runtime Environment (8.0_241-b07) (build 1.8.0_241-b07)
# Java VM: Java HotSpot(TM) 64-Bit Server VM (25.241-b07 mixed mode windows-amd64 compressed oops)
# Failed to write core dump. Minidumps are not enabled by default on client versions of Windows
#

---------------  T H R E A D  ---------------

Current thread (0x000000001da86800):  JavaThread "C2 CompilerThread2" daemon [_thread_in_native, id=8176, stack(0x000000001e450000,0x000000001e550000)]

Stack: [0x000000001e450000,0x000000001e550000]
[error occurred during error reporting (printing stack bounds), id 0xc0000005]

Native frames: (J=compiled Java code, j=interpreted, Vv=VM code, C=native code)


Current CompileTask:
C2:   1213  634       4       sun.font.TrueTypeFont::initAllNames (177 bytes)


---------------  P R O C E S S  ---------------

Java Threads: ( => current thread )
  0x000000001e9db000 JavaThread "D3D Screen Updater" daemon [_thread_blocked, id=16884, stack(0x0000000025410000,0x0000000025510000)]
  0x000000000281e000 JavaThread "DestroyJavaVM" [_thread_blocked, id=7132, stack(0x0000000002820000,0x0000000002920000)]
  0x000000001ea67800 JavaThread "AWT-EventQueue-0" [_thread_in_Java, id=11788, stack(0x0000000025210000,0x0000000025310000)]
  0x000000001ea42800 JavaThread "Image Fetcher 0" daemon [_thread_blocked, id=6472, stack(0x0000000025110000,0x0000000025210000)]
  0x000000001e9ad000 JavaThread "AWT-Windows" daemon [_thread_in_native, id=1688, stack(0x000000001f3a0000,0x000000001f4a0000)]
  0x000000001e9aa800 JavaThread "AWT-Shutdown" [_thread_blocked, id=4712, stack(0x000000001f2a0000,0x000000001f3a0000)]
  0x000000001e9a9800 JavaThread "Java2D Disposer" daemon [_thread_blocked, id=16088, stack(0x000000001f190000,0x000000001f290000)]
  0x000000001db11000 JavaThread "Service Thread" daemon [_thread_blocked, id=10600, stack(0x000000001e650000,0x000000001e750000)]
  0x000000001da9a000 JavaThread "C1 CompilerThread3" daemon [_thread_blocked, id=11228, stack(0x000000001e550000,0x000000001e650000)]
=>0x000000001da86800 JavaThread "C2 CompilerThread2" daemon [_thread_in_native, id=8176, stack(0x000000001e450000,0x000000001e550000)]
  0x000000001da81000 JavaThread "C2 CompilerThread1" daemon [_thread_blocked, id=15264, stack(0x000000001e350000,0x000000001e450000)]
  0x000000001da7a800 JavaThread "C2 CompilerThread0" daemon [_thread_in_native, id=1936, stack(0x000000001e250000,0x000000001e350000)]
  0x000000001da77800 JavaThread "Attach Listener" daemon [_thread_blocked, id=10292, stack(0x000000001e150000,0x000000001e250000)]
  0x000000001bb7e800 JavaThread "Signal Dispatcher" daemon [_thread_blocked, id=5412, stack(0x000000001e050000,0x000000001e150000)]
  0x0000000002a1e800 JavaThread "Finalizer" daemon [_thread_blocked, id=4384, stack(0x000000001de50000,0x000000001df50000)]
  0x0000000002a17000 JavaThread "Reference Handler" daemon [_thread_blocked, id=17104, stack(0x000000001d950000,0x000000001da50000)]

Other Threads:
  0x000000001bb6a000 VMThread [stack: 0x000000001d850000,0x000000001d950000] [id=8648]
  0x000000001db3b800 WatcherThread [stack: 0x000000001e750000,0x000000001e850000] [id=3808]

VM state:not at safepoint (normal execution)

VM Mutex/Monitor currently owned by a thread: None

heap address: 0x00000006d0c00000, size: 3828 MB, Compressed Oops mode: Zero based, Oop shift amount: 3
Narrow klass base: 0x0000000000000000, Narrow klass shift: 3
Compressed class space size: 1073741824 Address: 0x00000007c0000000

Heap:
 PSYoungGen      total 71680K, used 22124K [0x0000000770400000, 0x0000000775400000, 0x00000007c0000000)
  eden space 61440K, 36% used [0x0000000770400000,0x000000077199b2d8,0x0000000774000000)
  from space 10240K, 0% used [0x0000000774a00000,0x0000000774a00000,0x0000000775400000)
  to   space 10240K, 0% used [0x0000000774000000,0x0000000774000000,0x0000000774a00000)
 ParOldGen       total 163840K, used 0K [0x00000006d0c00000, 0x00000006dac00000, 0x0000000770400000)
  object space 163840K, 0% used [0x00000006d0c00000,0x00000006d0c00000,0x00000006dac00000)
 Metaspace       used 9011K, capacity 9152K, committed 9472K, reserved 1056768K
  class space    used 1110K, capacity 1194K, committed 1280K, reserved 1048576K

Card table byte_map: [0x0000000011de0000,0x0000000012560000] byte_map_base: 0x000000000e75a000

Marking Bits: (ParMarkBitMap*) 0x000000006fa0be30
 Begin Bits: [0x0000000013260000, 0x0000000016e30000)
 End Bits:   [0x0000000016e30000, 0x000000001aa00000)

Polling page: 0x0000000000e10000

CodeCache: size=245760Kb used=2774Kb max_used=2787Kb free=242985Kb
 bounds [0x0000000002a20000, 0x0000000002ce0000, 0x0000000011a20000]
 total_blobs=1114 nmethods=652 adapters=376
 compilation: enabled

Compilation events (10 events):
Event: 1.199 Thread 0x000000001da9a000  644       3       sun.java2d.pipe.RenderBuffer::putInt (26 bytes)
Event: 1.199 Thread 0x000000001da9a000 nmethod 644 0x0000000002ccef10 code [0x0000000002ccf060, 0x0000000002ccf1f0]
Event: 1.199 Thread 0x000000001da9a000  646       3       java.util.ArrayList::rangeCheck (22 bytes)
Event: 1.200 Thread 0x000000001da9a000 nmethod 646 0x0000000002cd2d50 code [0x0000000002cd2f60, 0x0000000002cd3a18]
Event: 1.206 Thread 0x000000001da9a000  647       3       sun.java2d.StateTrackableDelegate::markDirty (6 bytes)
Event: 1.206 Thread 0x000000001da9a000 nmethod 647 0x0000000002ccebd0 code [0x0000000002cced20, 0x0000000002ccee90]
Event: 1.206 Thread 0x000000001da9a000  648       3       java.awt.Component::getParent (5 bytes)
Event: 1.206 Thread 0x000000001da9a000 nmethod 648 0x0000000002cce810 code [0x0000000002cce960, 0x0000000002cceb50]
Event: 1.208 Thread 0x000000001da9a000  649       1       java.util.concurrent.locks.AbstractQueuedSynchronizer::getState (5 bytes)
Event: 1.208 Thread 0x000000001da9a000 nmethod 649 0x0000000002cce550 code [0x0000000002cce6a0, 0x0000000002cce7b0]

GC Heap History (0 events):
No events

Deoptimization events (7 events):
Event: 0.508 Thread 0x000000000281e000 Uncommon trap: reason=null_check action=make_not_entrant pc=0x0000000002b8e308 method=java.lang.String.equals(Ljava/lang/Object;)Z @ 8
Event: 0.798 Thread 0x000000001ea67800 Uncommon trap: reason=class_check action=maybe_recompile pc=0x0000000002ba87f4 method=java.lang.String.equals(Ljava/lang/Object;)Z @ 8
Event: 0.798 Thread 0x000000001ea67800 Uncommon trap: reason=class_check action=maybe_recompile pc=0x0000000002ba87f4 method=java.lang.String.equals(Ljava/lang/Object;)Z @ 8
Event: 0.798 Thread 0x000000001ea67800 Uncommon trap: reason=class_check action=maybe_recompile pc=0x0000000002ba87f4 method=java.lang.String.equals(Ljava/lang/Object;)Z @ 8
Event: 0.798 Thread 0x000000001ea67800 Uncommon trap: reason=class_check action=maybe_recompile pc=0x0000000002ba87f4 method=java.lang.String.equals(Ljava/lang/Object;)Z @ 8
Event: 1.087 Thread 0x000000001ea67800 Uncommon trap: reason=unstable_if action=reinterpret pc=0x0000000002cb75cc method=java.lang.Character.isSurrogate(C)Z @ 3
Event: 1.087 Thread 0x000000001ea67800 Uncommon trap: reason=unstable_if action=reinterpret pc=0x0000000002c0fd50 method=java.lang.String.toLowerCase(Ljava/util/Locale;)Ljava/lang/String; @ 37

Classes redefined (0 events):
No events

Internal exceptions (10 events):
Event: 0.177 Thread 0x000000000281e000 Exception <a 'java/lang/NoSuchMethodError': Method sun.misc.Unsafe.prefetchRead(Ljava/lang/Object;J)V name or signature does not match> (0x0000000770407fa8) thrown at [C:\ade\jenkins\workspace\8-2-build-windows-amd64-cygwin\jdk8u241\331\hotspot\src\share\
Event: 0.259 Thread 0x000000000281e000 Exception <a 'java/security/PrivilegedActionException'> (0x0000000770481548) thrown at [C:\ade\jenkins\workspace\8-2-build-windows-amd64-cygwin\jdk8u241\331\hotspot\src\share\vm\prims\jvm.cpp, line 1502]
Event: 0.259 Thread 0x000000000281e000 Exception <a 'java/security/PrivilegedActionException'> (0x0000000770481758) thrown at [C:\ade\jenkins\workspace\8-2-build-windows-amd64-cygwin\jdk8u241\331\hotspot\src\share\vm\prims\jvm.cpp, line 1502]
Event: 0.260 Thread 0x000000000281e000 Exception <a 'java/security/PrivilegedActionException'> (0x00000007704853c8) thrown at [C:\ade\jenkins\workspace\8-2-build-windows-amd64-cygwin\jdk8u241\331\hotspot\src\share\vm\prims\jvm.cpp, line 1502]
Event: 0.260 Thread 0x000000000281e000 Exception <a 'java/security/PrivilegedActionException'> (0x00000007704855d8) thrown at [C:\ade\jenkins\workspace\8-2-build-windows-amd64-cygwin\jdk8u241\331\hotspot\src\share\vm\prims\jvm.cpp, line 1502]
Event: 0.268 Thread 0x000000000281e000 Exception <a 'java/io/FileNotFoundException'> (0x0000000770487980) thrown at [C:\ade\jenkins\workspace\8-2-build-windows-amd64-cygwin\jdk8u241\331\hotspot\src\share\vm\prims\jni.cpp, line 710]
Event: 0.320 Thread 0x000000000281e000 Exception <a 'java/lang/NoSuchFieldError': method resolution failed> (0x000000077068c150) thrown at [C:\ade\jenkins\workspace\8-2-build-windows-amd64-cygwin\jdk8u241\331\hotspot\src\share\vm\prims\methodHandles.cpp, line 1167]
Event: 0.322 Thread 0x000000000281e000 Exception <a 'java/lang/NoSuchFieldError': method resolution failed> (0x0000000770699520) thrown at [C:\ade\jenkins\workspace\8-2-build-windows-amd64-cygwin\jdk8u241\331\hotspot\src\share\vm\prims\methodHandles.cpp, line 1167]
Event: 0.386 Thread 0x000000000281e000 Exception <a 'java/io/FileNotFoundException'> (0x0000000770732d88) thrown at [C:\ade\jenkins\workspace\8-2-build-windows-amd64-cygwin\jdk8u241\331\hotspot\src\share\vm\prims\jni.cpp, line 710]
Event: 0.508 Thread 0x000000000281e000 Implicit null exception at 0x0000000002b8e122 to 0x0000000002b8e2f9

Events (10 events):
Event: 1.185 loading class sun/font/FontDesignMetrics$KeyReference
Event: 1.186 loading class sun/font/FontDesignMetrics$KeyReference done
Event: 1.186 loading class sun/font/CompositeGlyphMapper
Event: 1.186 loading class sun/font/CompositeGlyphMapper done
Event: 1.194 loading class java/awt/print/PrinterGraphics
Event: 1.195 loading class java/awt/print/PrinterGraphics done
Event: 1.195 loading class java/awt/PrintGraphics
Event: 1.195 loading class java/awt/PrintGraphics done
Event: 1.195 loading class sun/java2d/loops/FontInfo
Event: 1.195 loading class sun/java2d/loops/FontInfo done


Dynamic libraries:
0x00007ff72de20000 - 0x00007ff72de57000 	C:\Program Files\Java\jre1.8.0_241\bin\javaw.exe
0x00007ff8b63a0000 - 0x00007ff8b6590000 	C:\WINDOWS\SYSTEM32\ntdll.dll
0x00007ff8aec60000 - 0x00007ff8aec75000 	C:\Program Files\AVAST Software\Avast\aswhook.dll
0x00007ff8b56f0000 - 0x00007ff8b57a2000 	C:\WINDOWS\System32\KERNEL32.DLL
0x00007ff8b35d0000 - 0x00007ff8b3873000 	C:\WINDOWS\System32\KERNELBASE.dll
0x00007ff8b4560000 - 0x00007ff8b4603000 	C:\WINDOWS\System32\ADVAPI32.dll
0x00007ff8b4c50000 - 0x00007ff8b4cee000 	C:\WINDOWS\System32\msvcrt.dll
0x00007ff8b4cf0000 - 0x00007ff8b4d87000 	C:\WINDOWS\System32\sechost.dll
0x00007ff8b5c60000 - 0x00007ff8b5d80000 	C:\WINDOWS\System32\RPCRT4.dll
0x00007ff8b4610000 - 0x00007ff8b47a4000 	C:\WINDOWS\System32\USER32.dll
0x00007ff8b4000000 - 0x00007ff8b4021000 	C:\WINDOWS\System32\win32u.dll
0x00007ff8b6330000 - 0x00007ff8b6356000 	C:\WINDOWS\System32\GDI32.dll
0x00007ff8b3330000 - 0x00007ff8b34c4000 	C:\WINDOWS\System32\gdi32full.dll
0x00007ff8b4050000 - 0x00007ff8b40ee000 	C:\WINDOWS\System32\msvcp_win.dll
0x00007ff8b4350000 - 0x00007ff8b444a000 	C:\WINDOWS\System32\ucrtbase.dll
0x00007ff8a7c40000 - 0x00007ff8a7ec5000 	C:\WINDOWS\WinSxS\amd64_microsoft.windows.common-controls_6595b64144ccf1df_6.0.18362.720_none_e6beb5c51314836b\COMCTL32.dll
0x00007ff8b5920000 - 0x00007ff8b5c56000 	C:\WINDOWS\System32\combase.dll
0x00007ff8b4150000 - 0x00007ff8b41d0000 	C:\WINDOWS\System32\bcryptPrimitives.dll
0x00007ff8b5650000 - 0x00007ff8b567e000 	C:\WINDOWS\System32\IMM32.DLL
0x000000006f020000 - 0x000000006f0f2000 	C:\Program Files\Java\jre1.8.0_241\bin\msvcr100.dll
0x000000006f1e0000 - 0x000000006fa8c000 	C:\Program Files\Java\jre1.8.0_241\bin\server\jvm.dll
0x00007ff8b4960000 - 0x00007ff8b4968000 	C:\WINDOWS\System32\PSAPI.DLL
0x00007ff8a20e0000 - 0x00007ff8a20e9000 	C:\WINDOWS\SYSTEM32\WSOCK32.dll
0x00007ff8b4e60000 - 0x00007ff8b4ecf000 	C:\WINDOWS\System32\WS2_32.dll
0x00007ff8b0d80000 - 0x00007ff8b0da4000 	C:\WINDOWS\SYSTEM32\WINMM.dll
0x00007ff8ab900000 - 0x00007ff8ab90a000 	C:\WINDOWS\SYSTEM32\VERSION.dll
0x00007ff8b0d50000 - 0x00007ff8b0d7d000 	C:\WINDOWS\SYSTEM32\WINMMBASE.dll
0x00007ff8b3580000 - 0x00007ff8b35ca000 	C:\WINDOWS\System32\cfgmgr32.dll
0x00007ff8afbe0000 - 0x00007ff8afbef000 	C:\Program Files\Java\jre1.8.0_241\bin\verify.dll
0x00007ff8ac790000 - 0x00007ff8ac7b9000 	C:\Program Files\Java\jre1.8.0_241\bin\java.dll
0x00007ff8ae010000 - 0x00007ff8ae026000 	C:\Program Files\Java\jre1.8.0_241\bin\zip.dll
0x00007ff8b4f60000 - 0x00007ff8b5645000 	C:\WINDOWS\System32\SHELL32.dll
0x00007ff8b4db0000 - 0x00007ff8b4e59000 	C:\WINDOWS\System32\shcore.dll
0x00007ff8b3880000 - 0x00007ff8b4000000 	C:\WINDOWS\System32\windows.storage.dll
0x00007ff8b32c0000 - 0x00007ff8b32e3000 	C:\WINDOWS\System32\profapi.dll
0x00007ff8b3270000 - 0x00007ff8b32ba000 	C:\WINDOWS\System32\powrprof.dll
0x00007ff8b3260000 - 0x00007ff8b3270000 	C:\WINDOWS\System32\UMPDC.dll
0x00007ff8b4a40000 - 0x00007ff8b4a92000 	C:\WINDOWS\System32\shlwapi.dll
0x00007ff8b32f0000 - 0x00007ff8b3301000 	C:\WINDOWS\System32\kernel.appcore.dll
0x00007ff8b4030000 - 0x00007ff8b4047000 	C:\WINDOWS\System32\cryptsp.dll
0x00007ff88f440000 - 0x00007ff88f5da000 	C:\Program Files\Java\jre1.8.0_241\bin\awt.dll
0x00007ff8b4830000 - 0x00007ff8b48f4000 	C:\WINDOWS\System32\OLEAUT32.dll
0x00007ff8b1440000 - 0x00007ff8b14cf000 	C:\WINDOWS\SYSTEM32\apphelp.dll
0x00007ff8b1a00000 - 0x00007ff8b1a2d000 	C:\WINDOWS\system32\DWMAPI.DLL
0x00007ff8b15e0000 - 0x00007ff8b1679000 	C:\WINDOWS\system32\uxtheme.dll
0x00007ff88f2e0000 - 0x00007ff88f436000 	C:\WINDOWS\system32\opengl32.dll
0x00007ff8ac8e0000 - 0x00007ff8ac90c000 	C:\WINDOWS\SYSTEM32\GLU32.dll
0x00007ff8b1ed0000 - 0x00007ff8b1ef0000 	C:\WINDOWS\SYSTEM32\dxcore.dll
0x00007ff8b61f0000 - 0x00007ff8b6326000 	C:\WINDOWS\System32\MSCTF.dll
0x00007ff8b57b0000 - 0x00007ff8b5907000 	C:\WINDOWS\System32\ole32.dll
0x00007ff8ac460000 - 0x00007ff8ac627000 	C:\WINDOWS\system32\d3d9.dll
0x00007ff8aa200000 - 0x00007ff8aa3dd000 	C:\WINDOWS\System32\DriverStore\FileRepository\u0330194.inf_amd64_6a88d4165e944d7c\B329837\aticfx64.dll
0x00007ff8923e0000 - 0x00007ff89240e000 	C:\WINDOWS\System32\DriverStore\FileRepository\u0330194.inf_amd64_6a88d4165e944d7c\B329837\atiu9p64.dll
0x00007ff87b870000 - 0x00007ff87c3ac000 	C:\WINDOWS\System32\DriverStore\FileRepository\u0330194.inf_amd64_6a88d4165e944d7c\B329837\atiumd64.dll
0x000000006fa90000 - 0x000000007066b000 	C:\WINDOWS\System32\DriverStore\FileRepository\u0330194.inf_amd64_6a88d4165e944d7c\B329837\atiumd6a.dll
0x00007ff8a9e00000 - 0x00007ff8a9e49000 	C:\Program Files\Java\jre1.8.0_241\bin\fontmanager.dll
0x00007ff8a3090000 - 0x00007ff8a312e000 	C:\WINDOWS\System32\TextInputFramework.dll
0x00007ff8ae240000 - 0x00007ff8ae56a000 	C:\WINDOWS\System32\CoreUIComponents.dll
0x00007ff8b1120000 - 0x00007ff8b11f4000 	C:\WINDOWS\System32\CoreMessaging.dll
0x00007ff8b22c0000 - 0x00007ff8b22f1000 	C:\WINDOWS\SYSTEM32\ntmarta.dll
0x00007ff8af260000 - 0x00007ff8af3b3000 	C:\WINDOWS\SYSTEM32\wintypes.dll
0x00007ff8adaf0000 - 0x00007ff8adb0a000 	C:\Program Files\Java\jre1.8.0_241\bin\net.dll
0x00007ff8b2a70000 - 0x00007ff8b2ad7000 	C:\WINDOWS\system32\mswsock.dll
0x00007ff8ade80000 - 0x00007ff8ade92000 	C:\Program Files\Java\jre1.8.0_241\bin\nio.dll
0x00007ff8a8c30000 - 0x00007ff8a8c72000 	C:\Program Files\Java\jre1.8.0_241\bin\t2k.dll

VM Arguments:
jvm_args: -Dfile.encoding=Cp1252 
java_command: Search
java_class_path (initial): C:\Users\User\Desktop\Lab\bin
Launcher Type: SUN_STANDARD

Environment Variables:
PATH=C:/Program Files/Java/jre1.8.0_241/bin/server;C:/Program Files/Java/jre1.8.0_241/bin;C:/Program Files/Java/jre1.8.0_241/lib/amd64;C:\Program Files (x86)\Common Files\Oracle\Java\javapath;C:\Windows\system32;C:\Windows;C:\Windows\System32\Wbem;C:\Windows\System32\WindowsPowerShell\v1.0\;C:\Windows\System32\OpenSSH\;C:\Program Files (x86)\NVIDIA Corporation\PhysX\Common;C:\Program Files (x86)\Windows Live\Shared;C:\Program Files (x86)\Microsoft SQL Server\100\Tools\Binn\;C:\Program Files\Microsoft SQL Server\100\Tools\Binn\;C:\Program Files\Microsoft SQL Server\100\DTS\Binn\;C:\Program Files\Git\cmd;C:\WINDOWS\system32;C:\WINDOWS;C:\WINDOWS\System32\Wbem;C:\WINDOWS\System32\WindowsPowerShell\v1.0\;C:\WINDOWS\System32\OpenSSH\;C:\Program files (x86)\java\jdk1.6.0_29\bin;D:\Python37\Scripts\;D:\Python37\;C:\Users\User\AppData\Local\Programs\Python\Python37-32\Scripts\;C:\Users\User\AppData\Local\Programs\Python\Python37-32\;C:\Users\User\AppData\Local\Microsoft\WindowsApps;C:\Users\User\AppData\Local\Programs\Microsoft VS Code\bin;C:\Program files (x86)\java\jdk1.6.0_29\bin;;C:\Users\User\Desktop\eclipse;
USERNAME=User
OS=Windows_NT
PROCESSOR_IDENTIFIER=AMD64 Family 23 Model 17 Stepping 0, AuthenticAMD



---------------  S Y S T E M  ---------------

OS: Windows 10.0 , 64 bit Build 18362 (10.0.18362.329)

CPU:total 8 (initial active 8) (8 cores per cpu, 1 threads per core) family 23 model 17 stepping 0, cmov, cx8, fxsr, mmx, sse, sse2, sse3, ssse3, sse4.1, sse4.2, popcnt, avx, avx2, aes, clmul, mmxext, 3dnowpref, lzcnt, sse4a, tsc, tscinvbit, tscinv, bmi1

Memory: 4k page, physical 15675624k(1635776k free), swap 63910120k(5496k free)

vm_info: Java HotSpot(TM) 64-Bit Server VM (25.241-b07) for windows-amd64 JRE (1.8.0_241-b07), built on Dec 11 2019 10:21:40 by "rejava" with MS VC++ 10.0 (VS2010)

time: Tue Apr 14 01:15:30 2020
timezone: SE Asia Standard Time
elapsed time: 1 seconds (0d 0h 0m 1s)

