#
# There is insufficient memory for the Java Runtime Environment to continue.
# Native memory allocation (malloc) failed to allocate 1048576 bytes for AllocateHeap
# Possible reasons:
#   The system is out of physical RAM or swap space
#   The process is running with CompressedOops enabled, and the Java Heap may be blocking the growth of the native heap
# Possible solutions:
#   Reduce memory load on the system
#   Increase physical memory or swap space
#   Check if swap backing store is full
#   Decrease Java heap size (-Xmx/-Xms)
#   Decrease number of Java threads
#   Decrease Java thread stack sizes (-Xss)
#   Set larger code cache with -XX:ReservedCodeCacheSize=
#   JVM is running with Zero Based Compressed Oops mode in which the Java heap is
#     placed in the first 32GB address space. The Java Heap base address is the
#     maximum limit for the native heap growth. Please use -XX:HeapBaseMinAddress
#     to set the Java Heap base and to place the Java Heap above 32GB virtual address.
# This output file may be truncated or incomplete.
#
#  Out of Memory Error (memory/allocation.inline.hpp:61), pid=17376, tid=0x00000000000016ac
#
# JRE version:  (8.0_241-b07) (build )
# Java VM: Java HotSpot(TM) 64-Bit Server VM (25.241-b07 mixed mode windows-amd64 compressed oops)
# Failed to write core dump. Minidumps are not enabled by default on client versions of Windows
#

---------------  T H R E A D  ---------------

Current thread (0x0000000002b3e000):  JavaThread "Unknown thread" [_thread_in_vm, id=5804, stack(0x0000000002a00000,0x0000000002b00000)]

Stack: [0x0000000002a00000,0x0000000002b00000]
[error occurred during error reporting (printing stack bounds), id 0xc0000005]

Native frames: (J=compiled Java code, j=interpreted, Vv=VM code, C=native code)


---------------  P R O C E S S  ---------------

Java Threads: ( => current thread )

Other Threads:

=>0x0000000002b3e000 (exited) JavaThread "Unknown thread" [_thread_in_vm, id=5804, stack(0x0000000002a00000,0x0000000002b00000)]

VM state:not at safepoint (normal execution)

VM Mutex/Monitor currently owned by a thread: None

heap address: 0x00000006d0c00000, size: 3828 MB, Compressed Oops mode: Zero based, Oop shift amount: 3
Narrow klass base: 0x0000000000000000, Narrow klass shift: 3
Compressed class space size: 1073741824 Address: 0x00000007c0000000

Heap:
 PSYoungGen      total 71680K, used 1228K [0x0000000770400000, 0x0000000775400000, 0x00000007c0000000)
  eden space 61440K, 2% used [0x0000000770400000,0x0000000770533340,0x0000000774000000)
  from space 10240K, 0% used [0x0000000774a00000,0x0000000774a00000,0x0000000775400000)
  to   space 10240K, 0% used [0x0000000774000000,0x0000000774000000,0x0000000774a00000)
 ParOldGen       total 163840K, used 0K [0x00000006d0c00000, 0x00000006dac00000, 0x0000000770400000)
  object space 163840K, 0% used [0x00000006d0c00000,0x00000006d0c00000,0x00000006dac00000)
 Metaspace       used 752K, capacity 4480K, committed 4480K, reserved 1056768K
  class space    used 76K, capacity 384K, committed 384K, reserved 1048576K

Card table byte_map: [0x0000000012000000,0x0000000012780000] byte_map_base: 0x000000000e97a000

Marking Bits: (ParMarkBitMap*) 0x0000000057f5be30
 Begin Bits: [0x0000000013480000, 0x0000000017050000)
 End Bits:   [0x0000000017050000, 0x000000001ac20000)

Polling page: 0x00000000011c0000

CodeCache: size=245760Kb used=327Kb max_used=327Kb free=245432Kb
 bounds [0x0000000002c40000, 0x0000000002eb0000, 0x0000000011c40000]
 total_blobs=57 nmethods=0 adapters=38
 compilation: enabled

Compilation events (0 events):
No events

GC Heap History (0 events):
No events

Deoptimization events (0 events):
No events

Classes redefined (0 events):
No events

Internal exceptions (0 events):
No events

Events (10 events):
Event: 0.412 loading class java/lang/Short
Event: 0.413 loading class java/lang/Short done
Event: 0.413 loading class java/lang/Integer
Event: 0.413 loading class java/lang/Integer done
Event: 0.413 loading class java/lang/Long
Event: 0.413 loading class java/lang/Long done
Event: 0.414 loading class java/lang/NullPointerException
Event: 0.414 loading class java/lang/NullPointerException done
Event: 0.414 loading class java/lang/ArithmeticException
Event: 0.414 loading class java/lang/ArithmeticException done


Dynamic libraries:
0x00007ff6363e0000 - 0x00007ff636417000 	C:\Program Files\Java\jre1.8.0_241\bin\javaw.exe
0x00007ffbf5580000 - 0x00007ffbf5770000 	C:\WINDOWS\SYSTEM32\ntdll.dll
0x00007ffbd0f00000 - 0x00007ffbd0f15000 	C:\Program Files\AVAST Software\Avast\aswhook.dll
0x00007ffbf4b80000 - 0x00007ffbf4c32000 	C:\WINDOWS\System32\KERNEL32.DLL
0x00007ffbf2510000 - 0x00007ffbf27b3000 	C:\WINDOWS\System32\KERNELBASE.dll
0x00007ffbf4ad0000 - 0x00007ffbf4b73000 	C:\WINDOWS\System32\ADVAPI32.dll
0x00007ffbf4790000 - 0x00007ffbf482e000 	C:\WINDOWS\System32\msvcrt.dll
0x00007ffbf4600000 - 0x00007ffbf4697000 	C:\WINDOWS\System32\sechost.dll
0x00007ffbf49b0000 - 0x00007ffbf4ad0000 	C:\WINDOWS\System32\RPCRT4.dll
0x00007ffbf5380000 - 0x00007ffbf5514000 	C:\WINDOWS\System32\USER32.dll
0x00007ffbf2e00000 - 0x00007ffbf2e21000 	C:\WINDOWS\System32\win32u.dll
0x00007ffbf4e50000 - 0x00007ffbf4e76000 	C:\WINDOWS\System32\GDI32.dll
0x00007ffbf27c0000 - 0x00007ffbf2954000 	C:\WINDOWS\System32\gdi32full.dll
0x00007ffbf2d30000 - 0x00007ffbf2dce000 	C:\WINDOWS\System32\msvcp_win.dll
0x00007ffbf2bb0000 - 0x00007ffbf2caa000 	C:\WINDOWS\System32\ucrtbase.dll
0x00007ffbe6df0000 - 0x00007ffbe7075000 	C:\WINDOWS\WinSxS\amd64_microsoft.windows.common-controls_6595b64144ccf1df_6.0.18362.720_none_e6beb5c51314836b\COMCTL32.dll
0x00007ffbf5040000 - 0x00007ffbf5376000 	C:\WINDOWS\System32\combase.dll
0x00007ffbf2cb0000 - 0x00007ffbf2d30000 	C:\WINDOWS\System32\bcryptPrimitives.dll
0x00007ffbf3630000 - 0x00007ffbf365e000 	C:\WINDOWS\System32\IMM32.DLL
0x0000000059090000 - 0x0000000059162000 	C:\Program Files\Java\jre1.8.0_241\bin\msvcr100.dll
0x0000000057730000 - 0x0000000057fdc000 	C:\Program Files\Java\jre1.8.0_241\bin\server\jvm.dll
0x00007ffbf4780000 - 0x00007ffbf4788000 	C:\WINDOWS\System32\PSAPI.DLL
0x00007ffbe1280000 - 0x00007ffbe1289000 	C:\WINDOWS\SYSTEM32\WSOCK32.dll
0x00007ffbf4e80000 - 0x00007ffbf4eef000 	C:\WINDOWS\System32\WS2_32.dll
0x00007ffbeff60000 - 0x00007ffbeff84000 	C:\WINDOWS\SYSTEM32\WINMM.dll
0x00007ffbe9dc0000 - 0x00007ffbe9dca000 	C:\WINDOWS\SYSTEM32\VERSION.dll
0x00007ffbeff30000 - 0x00007ffbeff5d000 	C:\WINDOWS\SYSTEM32\WINMMBASE.dll
0x00007ffbf2a10000 - 0x00007ffbf2a5a000 	C:\WINDOWS\System32\cfgmgr32.dll
0x00007ffbeed90000 - 0x00007ffbeed9f000 	C:\Program Files\Java\jre1.8.0_241\bin\verify.dll
0x00007ffbe9330000 - 0x00007ffbe9359000 	C:\Program Files\Java\jre1.8.0_241\bin\java.dll
0x00007ffbdc8b0000 - 0x00007ffbdc8c6000 	C:\Program Files\Java\jre1.8.0_241\bin\zip.dll

VM Arguments:
jvm_args: -Dfile.encoding=UTF-8 
java_command: Order2
java_class_path (initial): C:\Users\User\Desktop\Lab\bin
Launcher Type: SUN_STANDARD

Environment Variables:
PATH=C:/Program Files/Java/jre1.8.0_241/bin/server;C:/Program Files/Java/jre1.8.0_241/bin;C:/Program Files/Java/jre1.8.0_241/lib/amd64;C:\Program Files (x86)\Common Files\Oracle\Java\javapath;C:\Windows\system32;C:\Windows;C:\Windows\System32\Wbem;C:\Windows\System32\WindowsPowerShell\v1.0\;C:\Windows\System32\OpenSSH\;C:\Program Files (x86)\NVIDIA Corporation\PhysX\Common;C:\Program Files (x86)\Windows Live\Shared;C:\Program Files (x86)\Microsoft SQL Server\100\Tools\Binn\;C:\Program Files\Microsoft SQL Server\100\Tools\Binn\;C:\Program Files\Microsoft SQL Server\100\DTS\Binn\;C:\Program Files\Git\cmd;C:\WINDOWS\system32;C:\WINDOWS;C:\WINDOWS\System32\Wbem;C:\WINDOWS\System32\WindowsPowerShell\v1.0\;C:\WINDOWS\System32\OpenSSH\;C:\Program files (x86)\java\jdk1.6.0_29\bin;D:\Python37\Scripts\;D:\Python37\;C:\Users\User\AppData\Local\Programs\Python\Python37-32\Scripts\;C:\Users\User\AppData\Local\Programs\Python\Python37-32\;C:\Users\User\AppData\Local\Microsoft\WindowsApps;C:\Users\User\AppData\Local\Programs\Microsoft VS Code\bin;C:\Program files (x86)\java\jdk1.6.0_29\bin;;C:\Users\User\Desktop\eclipse;
USERNAME=User
OS=Windows_NT
PROCESSOR_IDENTIFIER=AMD64 Family 23 Model 17 Stepping 0, AuthenticAMD



---------------  S Y S T E M  ---------------

OS: Windows 10.0 , 64 bit Build 18362 (10.0.18362.329)

CPU:total 8 (initial active 8) (8 cores per cpu, 1 threads per core) family 23 model 17 stepping 0, cmov, cx8, fxsr, mmx, sse, sse2, sse3, ssse3, sse4.1, sse4.2, popcnt, avx, avx2, aes, clmul, mmxext, 3dnowpref, lzcnt, sse4a, tsc, tscinvbit, tscinv, bmi1

Memory: 4k page, physical 15675624k(4325376k free), swap 63910120k(5600k free)

vm_info: Java HotSpot(TM) 64-Bit Server VM (25.241-b07) for windows-amd64 JRE (1.8.0_241-b07), built on Dec 11 2019 10:21:40 by "rejava" with MS VC++ 10.0 (VS2010)

time: Sun Apr 05 13:07:22 2020
timezone: SE Asia Standard Time
elapsed time: 0 seconds (0d 0h 0m 0s)

